2018/07/02 17:44:56 にビルドを開始しました。
     1>ノード 2 上のプロジェクト "E:\IsuperPopding\IsuperPopding.vcxproj" (build ターゲット)。
     1>InitializeBuildStatus:
         "AlwaysCreate" が指定されたため "Debug\IsuperPopding.unsuccessfulbuild" を作成しています。
       ClCompile:
         C:\Program Files\Microsoft Visual Studio 10.0\VC\bin\CL.exe /c /ZI /nologo /W3 /WX- /Od /Oy- /D WIN32 /D _DEBUG /D _CONSOLE /D _UNICODE /D UNICODE /Gm /EHsc /RTC1 /MDd /GS /fp:precise /Zc:wchar_t /Zc:forScope /Fo"Debug\\" /Fd"Debug\vc100.pdb" /Gd /TP /analyze- /errorReport:prompt IsuperPopding.cpp
         IsuperPopding.cpp
     1>e:\isuperpopding\isuperpopding.cpp(177): warning C4996: 'scanf': This function or variable may be unsafe. Consider using scanf_s instead. To disable deprecation, use _CRT_SECURE_NO_WARNINGS. See online help for details.
                 c:\program files\microsoft visual studio 10.0\vc\include\stdio.h(304) : 'scanf' の宣言を確認してください。
       ManifestResourceCompile:
         すべての出力が最新のものです。
       Link:
         C:\Program Files\Microsoft Visual Studio 10.0\VC\bin\link.exe /ERRORREPORT:PROMPT /OUT:"E:\IsuperPopding\Debug\IsuperPopding.exe" /INCREMENTAL /NOLOGO kernel32.lib user32.lib gdi32.lib winspool.lib comdlg32.lib advapi32.lib shell32.lib ole32.lib oleaut32.lib uuid.lib odbc32.lib odbccp32.lib /MANIFEST /ManifestFile:"Debug\IsuperPopding.exe.intermediate.manifest" /MANIFESTUAC:"level='asInvoker' uiAccess='false'" /DEBUG /PDB:"E:\IsuperPopding\Debug\IsuperPopding.pdb" /SUBSYSTEM:CONSOLE /TLBID:1 /DYNAMICBASE /NXCOMPAT /IMPLIB:"E:\IsuperPopding\Debug\IsuperPopding.lib" /MACHINE:X86 Debug\IsuperPopding.exe.embed.manifest.res
         Debug\IsuperPopding.obj
         Debug\stdafx.obj
       Manifest:
         C:\Program Files\Microsoft SDKs\Windows\v7.0A\bin\mt.exe /nologo /verbose /out:"Debug\IsuperPopding.exe.embed.manifest" /manifest Debug\IsuperPopding.exe.intermediate.manifest
         すべての出力が最新のものです。
       LinkEmbedManifest:
         すべての出力が最新のものです。
         IsuperPopding.vcxproj -> E:\IsuperPopding\Debug\IsuperPopding.exe
       FinalizeBuildStatus:
         ファイル "Debug\IsuperPopding.unsuccessfulbuild" を削除しています。
         "Debug\IsuperPopding.lastbuildstate" のタッチ タスクを実行しています。
     1>プロジェクト "E:\IsuperPopding\IsuperPopding.vcxproj" (build ターゲット) のビルドが完了しました。

ビルドに成功しました。

経過時間 00:00:05.95
